2025-09-12 06:01:15,333 - ERROR - Line 2: ['Invalid email address.', 'Invalid phone number format.'] | Data: ['1', 'Nancy', 'Freehafer', 'nancy@northwindtraders.com', 'Sales Representative', '123-555-0100         ', '123-555-0200         ', 'Ms.', 'Admin', '21-Sep-24', 'Admin', '21-Sep-24']
2025-09-12 06:01:15,333 - ERROR - Line 3: ['Row does not have 12 columns.', 'Empty string in one or more columns.', 'Invalid email address.', 'Invalid phone number format.'] | Data: ['2', 'Andrew', 'Cencini', 'andrew@northwindtraders.com', '"Vice President', ' Sales"', '123-555-0101         ', '', 'Mr.', 'Admin', '21-Sep-24', 'Admin', '21-Sep-24']
2025-09-12 06:01:15,333 - ERROR - Line 4: ['Empty string in one or more columns.', 'Invalid email address.', 'Invalid phone number format.'] | Data: ['3', 'Jan', 'Kotas', 'jan@northwindtraders.com', 'Sales Representative', '123-555-0102         ', '', '', 'Admin', '21-Sep-24', 'Admin', '21-Sep-24']
2025-09-12 06:01:15,334 - ERROR - Line 5: ['Empty string in one or more columns.', 'Invalid email address.', 'Invalid phone number format.'] | Data: ['4', 'Mariya', 'Sergienko', 'mariya@northwindtraders.com', 'Sales Representative', '123-555-0103         ', '', '', 'Admin', '21-Sep-24', 'Admin', '21-Sep-24']
2025-09-12 06:01:15,334 - ERROR - Line 6: ['Empty string in one or more columns.', 'Invalid email address.', 'Invalid phone number format.'] | Data: ['5', 'Steven', 'Thorpe', 'steven@northwindtraders.com', 'Sales Manager', '123-555-0104         ', '', '', 'Admin', '21-Sep-24', 'Admin', '21-Sep-24']
2025-09-12 06:01:15,334 - ERROR - Line 7: ['Empty string in one or more columns.', 'Invalid email address.', 'Invalid phone number format.'] | Data: ['6', 'Michael', 'Neipper', 'michael@northwindtraders.com', 'Sales Representative', '123-555-0105         ', '', '', 'Admin', '21-Sep-24', 'Admin', '21-Sep-24']
2025-09-12 06:01:15,334 - ERROR - Line 8: ['Empty string in one or more columns.', 'Invalid email address.', 'Invalid phone number format.'] | Data: ['7', 'Robert', 'Zare', 'robert@northwindtraders.com', 'Sales Representative', '123-555-0106         ', '', '', 'Admin', '21-Sep-24', 'Admin', '21-Sep-24']
2025-09-12 06:01:15,334 - ERROR - Line 9: ['Empty string in one or more columns.', 'Invalid email address.', 'Invalid phone number format.'] | Data: ['8', 'Laura', 'Giussani', 'laura@northwindtraders.com', 'Sales Coordinator', '123-555-0107         ', '', '', 'Admin', '21-Sep-24', 'Admin', '21-Sep-24']
2025-09-12 06:01:15,334 - ERROR - Line 10: ['Empty string in one or more columns.', 'Invalid email address.', 'Invalid phone number format.'] | Data: ['9', 'Anne', 'Hellung-Larsen', 'anne@northwindtraders.com', 'Sales Representative', '123-555-0108         ', '', '', 'Admin', '21-Sep-24', 'Admin', '21-Sep-24']
2025-09-12 06:01:15,334 - ERROR - Line 11: ['Empty string in one or more columns.', 'Invalid email address.', 'Invalid phone number format.'] | Data: ['10', 'Internet', 'Sales', '', 'Internet Bot', '', '', '', 'Admin', '21-Sep-24', 'Admin', '21-Sep-24']
2025-09-12 06:13:44,252 - ERROR - Line 2: ['Invalid email address.', 'Invalid phone number format.'] | Data: ['1', 'Nancy', 'Freehafer', 'nancy@northwindtraders.com', 'Sales Representative', '123-555-0100         ', '123-555-0200         ', 'Ms.', 'Admin', '21-Sep-24', 'Admin', '21-Sep-24']
2025-09-12 06:13:44,252 - ERROR - Line 3: ['Row does not have 12 columns.', 'Empty string in one or more columns.', 'Invalid email address.', 'Invalid phone number format.'] | Data: ['2', 'Andrew', 'Cencini', 'andrew@northwindtraders.com', '"Vice President', ' Sales"', '123-555-0101         ', '', 'Mr.', 'Admin', '21-Sep-24', 'Admin', '21-Sep-24']
2025-09-12 06:13:44,252 - ERROR - Line 4: ['Empty string in one or more columns.', 'Invalid email address.', 'Invalid phone number format.'] | Data: ['3', 'Jan', 'Kotas', 'jan@northwindtraders.com', 'Sales Representative', '123-555-0102         ', '', '', 'Admin', '21-Sep-24', 'Admin', '21-Sep-24']
2025-09-12 06:13:44,252 - ERROR - Line 5: ['Empty string in one or more columns.', 'Invalid email address.', 'Invalid phone number format.'] | Data: ['4', 'Mariya', 'Sergienko', 'mariya@northwindtraders.com', 'Sales Representative', '123-555-0103         ', '', '', 'Admin', '21-Sep-24', 'Admin', '21-Sep-24']
2025-09-12 06:13:44,252 - ERROR - Line 6: ['Empty string in one or more columns.', 'Invalid email address.', 'Invalid phone number format.'] | Data: ['5', 'Steven', 'Thorpe', 'steven@northwindtraders.com', 'Sales Manager', '123-555-0104         ', '', '', 'Admin', '21-Sep-24', 'Admin', '21-Sep-24']
2025-09-12 06:13:44,252 - ERROR - Line 7: ['Empty string in one or more columns.', 'Invalid email address.', 'Invalid phone number format.'] | Data: ['6', 'Michael', 'Neipper', 'michael@northwindtraders.com', 'Sales Representative', '123-555-0105         ', '', '', 'Admin', '21-Sep-24', 'Admin', '21-Sep-24']
2025-09-12 06:13:44,252 - ERROR - Line 8: ['Empty string in one or more columns.', 'Invalid email address.', 'Invalid phone number format.'] | Data: ['7', 'Robert', 'Zare', 'robert@northwindtraders.com', 'Sales Representative', '123-555-0106         ', '', '', 'Admin', '21-Sep-24', 'Admin', '21-Sep-24']
2025-09-12 06:13:44,252 - ERROR - Line 9: ['Empty string in one or more columns.', 'Invalid email address.', 'Invalid phone number format.'] | Data: ['8', 'Laura', 'Giussani', 'laura@northwindtraders.com', 'Sales Coordinator', '123-555-0107         ', '', '', 'Admin', '21-Sep-24', 'Admin', '21-Sep-24']
2025-09-12 06:13:44,252 - ERROR - Line 10: ['Empty string in one or more columns.', 'Invalid email address.', 'Invalid phone number format.'] | Data: ['9', 'Anne', 'Hellung-Larsen', 'anne@northwindtraders.com', 'Sales Representative', '123-555-0108         ', '', '', 'Admin', '21-Sep-24', 'Admin', '21-Sep-24']
2025-09-12 06:13:44,252 - ERROR - Line 11: ['Empty string in one or more columns.', 'Invalid email address.', 'Invalid phone number format.'] | Data: ['10', 'Internet', 'Sales', '', 'Internet Bot', '', '', '', 'Admin', '21-Sep-24', 'Admin', '21-Sep-24']
2025-09-12 06:32:11,274 - ERROR - Line 2: ['Invalid email address.', 'Invalid phone number format.'] | Data: ['1', 'Nancy', 'Freehafer', 'nancy@northwindtraders.com', 'Sales Representative', '123-555-0100         ', '123-555-0200         ', 'Ms.', 'Admin', '21-Sep-24', 'Admin', '21-Sep-24']
2025-09-12 06:32:11,274 - ERROR - Line 3: ['Row does not have 12 columns.', 'Empty string in one or more columns.', 'Invalid email address.', 'Invalid phone number format.'] | Data: ['2', 'Andrew', 'Cencini', 'andrew@northwindtraders.com', '"Vice President', ' Sales"', '123-555-0101         ', '', 'Mr.', 'Admin', '21-Sep-24', 'Admin', '21-Sep-24']
2025-09-12 06:32:11,274 - ERROR - Line 4: ['Empty string in one or more columns.', 'Invalid email address.', 'Invalid phone number format.'] | Data: ['3', 'Jan', 'Kotas', 'jan@northwindtraders.com', 'Sales Representative', '123-555-0102         ', '', '', 'Admin', '21-Sep-24', 'Admin', '21-Sep-24']
2025-09-12 06:32:11,274 - ERROR - Line 5: ['Empty string in one or more columns.', 'Invalid email address.', 'Invalid phone number format.'] | Data: ['4', 'Mariya', 'Sergienko', 'mariya@northwindtraders.com', 'Sales Representative', '123-555-0103         ', '', '', 'Admin', '21-Sep-24', 'Admin', '21-Sep-24']
2025-09-12 06:32:11,274 - ERROR - Line 6: ['Empty string in one or more columns.', 'Invalid email address.', 'Invalid phone number format.'] | Data: ['5', 'Steven', 'Thorpe', 'steven@northwindtraders.com', 'Sales Manager', '123-555-0104         ', '', '', 'Admin', '21-Sep-24', 'Admin', '21-Sep-24']
2025-09-12 06:32:11,274 - ERROR - Line 7: ['Empty string in one or more columns.', 'Invalid email address.', 'Invalid phone number format.'] | Data: ['6', 'Michael', 'Neipper', 'michael@northwindtraders.com', 'Sales Representative', '123-555-0105         ', '', '', 'Admin', '21-Sep-24', 'Admin', '21-Sep-24']
2025-09-12 06:32:11,274 - ERROR - Line 8: ['Empty string in one or more columns.', 'Invalid email address.', 'Invalid phone number format.'] | Data: ['7', 'Robert', 'Zare', 'robert@northwindtraders.com', 'Sales Representative', '123-555-0106         ', '', '', 'Admin', '21-Sep-24', 'Admin', '21-Sep-24']
2025-09-12 06:32:11,274 - ERROR - Line 9: ['Empty string in one or more columns.', 'Invalid email address.', 'Invalid phone number format.'] | Data: ['8', 'Laura', 'Giussani', 'laura@northwindtraders.com', 'Sales Coordinator', '123-555-0107         ', '', '', 'Admin', '21-Sep-24', 'Admin', '21-Sep-24']
2025-09-12 06:32:11,274 - ERROR - Line 10: ['Empty string in one or more columns.', 'Invalid email address.', 'Invalid phone number format.'] | Data: ['9', 'Anne', 'Hellung-Larsen', 'anne@northwindtraders.com', 'Sales Representative', '123-555-0108         ', '', '', 'Admin', '21-Sep-24', 'Admin', '21-Sep-24']
2025-09-12 06:32:11,274 - ERROR - Line 11: ['Empty string in one or more columns.', 'Invalid email address.', 'Invalid phone number format.'] | Data: ['10', 'Internet', 'Sales', '', 'Internet Bot', '', '', '', 'Admin', '21-Sep-24', 'Admin', '21-Sep-24']
2025-09-12 06:35:08,213 - ERROR - Line 2: ['Invalid email address.', 'Invalid phone number format.'] | Data: ['1', 'Nancy', 'Freehafer', 'nancy@northwindtraders.com', 'Sales Representative', '123-555-0100         ', '123-555-0200         ', 'Ms.', 'Admin', '21-Sep-24', 'Admin', '21-Sep-24']
2025-09-12 06:35:08,213 - ERROR - Line 3: ['Row does not have 12 columns.', 'Empty string in one or more columns.', 'Invalid email address.', 'Invalid phone number format.'] | Data: ['2', 'Andrew', 'Cencini', 'andrew@northwindtraders.com', '"Vice President', ' Sales"', '123-555-0101         ', '', 'Mr.', 'Admin', '21-Sep-24', 'Admin', '21-Sep-24']
2025-09-12 06:35:08,229 - ERROR - Line 4: ['Empty string in one or more columns.', 'Invalid email address.', 'Invalid phone number format.'] | Data: ['3', 'Jan', 'Kotas', 'jan@northwindtraders.com', 'Sales Representative', '123-555-0102         ', '', '', 'Admin', '21-Sep-24', 'Admin', '21-Sep-24']
2025-09-12 06:35:08,229 - ERROR - Line 5: ['Empty string in one or more columns.', 'Invalid email address.', 'Invalid phone number format.'] | Data: ['4', 'Mariya', 'Sergienko', 'mariya@northwindtraders.com', 'Sales Representative', '123-555-0103         ', '', '', 'Admin', '21-Sep-24', 'Admin', '21-Sep-24']
2025-09-12 06:35:08,229 - ERROR - Line 6: ['Empty string in one or more columns.', 'Invalid email address.', 'Invalid phone number format.'] | Data: ['5', 'Steven', 'Thorpe', 'steven@northwindtraders.com', 'Sales Manager', '123-555-0104         ', '', '', 'Admin', '21-Sep-24', 'Admin', '21-Sep-24']
2025-09-12 06:35:08,229 - ERROR - Line 7: ['Empty string in one or more columns.', 'Invalid email address.', 'Invalid phone number format.'] | Data: ['6', 'Michael', 'Neipper', 'michael@northwindtraders.com', 'Sales Representative', '123-555-0105         ', '', '', 'Admin', '21-Sep-24', 'Admin', '21-Sep-24']
2025-09-12 06:35:08,229 - ERROR - Line 8: ['Empty string in one or more columns.', 'Invalid email address.', 'Invalid phone number format.'] | Data: ['7', 'Robert', 'Zare', 'robert@northwindtraders.com', 'Sales Representative', '123-555-0106         ', '', '', 'Admin', '21-Sep-24', 'Admin', '21-Sep-24']
2025-09-12 06:35:08,229 - ERROR - Line 9: ['Empty string in one or more columns.', 'Invalid email address.', 'Invalid phone number format.'] | Data: ['8', 'Laura', 'Giussani', 'laura@northwindtraders.com', 'Sales Coordinator', '123-555-0107         ', '', '', 'Admin', '21-Sep-24', 'Admin', '21-Sep-24']
2025-09-12 06:35:08,230 - ERROR - Line 10: ['Empty string in one or more columns.', 'Invalid email address.', 'Invalid phone number format.'] | Data: ['9', 'Anne', 'Hellung-Larsen', 'anne@northwindtraders.com', 'Sales Representative', '123-555-0108         ', '', '', 'Admin', '21-Sep-24', 'Admin', '21-Sep-24']
2025-09-12 06:35:08,230 - ERROR - Line 11: ['Empty string in one or more columns.', 'Invalid email address.', 'Invalid phone number format.'] | Data: ['10', 'Internet', 'Sales', '', 'Internet Bot', '', '', '', 'Admin', '21-Sep-24', 'Admin', '21-Sep-24']
2025-09-12 06:35:21,958 - ERROR - Line 2: ['Invalid email address.', 'Invalid phone number format.'] | Data: ['1', 'Nancy', 'Freehafer', 'nancy@northwindtraders.com', 'Sales Representative', '123-555-0100         ', '123-555-0200         ', 'Ms.', 'Admin', '21-Sep-24', 'Admin', '21-Sep-24']
2025-09-12 06:35:21,958 - ERROR - Line 3: ['Row does not have 12 columns.', 'Invalid email address.', 'Invalid phone number format.'] | Data: ['2', 'Andrew', 'Cencini', 'andrew@northwindtraders.com', '"Vice President', ' Sales"', '123-555-0101         ', '123-555-0201', 'Ms.', 'Admin', '21-Sep-24', 'Admin', '21-Sep-24']
2025-09-12 06:35:21,958 - ERROR - Line 4: ['Invalid email address.', 'Invalid phone number format.'] | Data: ['3', 'Jan', 'Kotas', 'jan@northwindtraders.com', 'Sales Representative', '123-555-0102         ', '123-555-0202', 'Ms.', 'Admin', '21-Sep-24', 'Admin', '21-Sep-24']
2025-09-12 06:35:21,958 - ERROR - Line 5: ['Invalid email address.', 'Invalid phone number format.'] | Data: ['4', 'Mariya', 'Sergienko', 'mariya@northwindtraders.com', 'Sales Representative', '123-555-0103         ', '123-555-0203', 'Ms.', 'Admin', '21-Sep-24', 'Admin', '21-Sep-24']
2025-09-12 06:35:21,958 - ERROR - Line 6: ['Invalid email address.', 'Invalid phone number format.'] | Data: ['5', 'Steven', 'Thorpe', 'steven@northwindtraders.com', 'Sales Manager', '123-555-0104         ', '123-555-0204', 'Ms.', 'Admin', '21-Sep-24', 'Admin', '21-Sep-24']
2025-09-12 06:35:21,958 - ERROR - Line 7: ['Invalid email address.', 'Invalid phone number format.'] | Data: ['6', 'Michael', 'Neipper', 'michael@northwindtraders.com', 'Sales Representative', '123-555-0105         ', '123-555-0205', 'Ms.', 'Admin', '21-Sep-24', 'Admin', '21-Sep-24']
2025-09-12 06:35:21,958 - ERROR - Line 8: ['Invalid email address.', 'Invalid phone number format.'] | Data: ['7', 'Robert', 'Zare', 'robert@northwindtraders.com', 'Sales Representative', '123-555-0106         ', '123-555-0206', 'Ms.', 'Admin', '21-Sep-24', 'Admin', '21-Sep-24']
2025-09-12 06:35:21,958 - ERROR - Line 9: ['Invalid email address.', 'Invalid phone number format.'] | Data: ['8', 'Laura', 'Giussani', 'laura@northwindtraders.com', 'Sales Coordinator', '123-555-0107         ', '123-555-0207', 'Ms.', 'Admin', '21-Sep-24', 'Admin', '21-Sep-24']
2025-09-12 06:35:21,958 - ERROR - Line 10: ['Invalid email address.', 'Invalid phone number format.'] | Data: ['9', 'Anne', 'Hellung-Larsen', 'anne@northwindtraders.com', 'Sales Representative', '123-555-0108         ', '123-555-0208', 'Ms.', 'Admin', '21-Sep-24', 'Admin', '21-Sep-24']
2025-09-12 06:35:21,958 - ERROR - Line 11: ['Invalid email address.'] | Data: ['10', 'Internet', 'Sales', 'anne@northwindtraders.com', 'Internet Bot', '123-555-0109', '123-555-0208', 'Ms.', 'Admin', '21-Sep-24', 'Admin', '21-Sep-24']
2025-09-12 06:35:21,958 - ERROR - Line 12: ['Invalid email address.'] | Data: ['11', 'Internet', 'Sales', 'anne@northwindtraders.com', 'Internet Bot', '123-555-0110', '123-555-0208', 'Ms.', 'Admin', '21-Sep-24', 'Admin', '21-Sep-24']
2025-09-12 06:35:21,958 - ERROR - Line 13: ['Invalid email address.'] | Data: ['12', 'Internet', 'Sales', 'anne@northwindtraders.com', 'Internet Bot', '123-555-0111', '123-555-0208', 'Ms.', 'Admin', '21-Sep-24', 'Admin', '21-Sep-24']
2025-09-12 06:37:06,300 - ERROR - Line 2: ['Invalid email address.', 'Invalid phone number format.'] | Data: ['1', 'Nancy', 'Freehafer', 'nancy@northwindtraders.com', 'Sales Representative', '123-555-0100         ', '123-555-0200         ', 'Ms.', 'Admin', '21-Sep-24', 'Admin', '21-Sep-24']
2025-09-12 06:37:06,301 - ERROR - Line 3: ['Row does not have 12 columns.', 'Invalid email address.', 'Invalid phone number format.'] | Data: ['2', 'Andrew', 'Cencini', 'andrew@northwindtraders.com', '"Vice President', ' Sales"', '123-555-0101         ', '123-555-0201', 'Ms.', 'Admin', '21-Sep-24', 'Admin', '21-Sep-24']
2025-09-12 06:37:06,301 - ERROR - Line 4: ['Invalid email address.', 'Invalid phone number format.'] | Data: ['3', 'Jan', 'Kotas', 'jan@northwindtraders.com', 'Sales Representative', '123-555-0102         ', '123-555-0202', 'Ms.', 'Admin', '21-Sep-24', 'Admin', '21-Sep-24']
2025-09-12 06:37:06,301 - ERROR - Line 5: ['Invalid email address.', 'Invalid phone number format.'] | Data: ['4', 'Mariya', 'Sergienko', 'mariya@northwindtraders.com', 'Sales Representative', '123-555-0103         ', '123-555-0203', 'Ms.', 'Admin', '21-Sep-24', 'Admin', '21-Sep-24']
2025-09-12 06:37:06,301 - ERROR - Line 6: ['Invalid email address.', 'Invalid phone number format.'] | Data: ['5', 'Steven', 'Thorpe', 'steven@northwindtraders.com', 'Sales Manager', '123-555-0104         ', '123-555-0204', 'Ms.', 'Admin', '21-Sep-24', 'Admin', '21-Sep-24']
2025-09-12 06:37:06,301 - ERROR - Line 7: ['Invalid email address.', 'Invalid phone number format.'] | Data: ['6', 'Michael', 'Neipper', 'michael@northwindtraders.com', 'Sales Representative', '123-555-0105         ', '123-555-0205', 'Ms.', 'Admin', '21-Sep-24', 'Admin', '21-Sep-24']
2025-09-12 06:37:06,301 - ERROR - Line 8: ['Invalid email address.', 'Invalid phone number format.'] | Data: ['7', 'Robert', 'Zare', 'robert@northwindtraders.com', 'Sales Representative', '123-555-0106         ', '123-555-0206', 'Ms.', 'Admin', '21-Sep-24', 'Admin', '21-Sep-24']
2025-09-12 06:37:06,301 - ERROR - Line 9: ['Invalid email address.', 'Invalid phone number format.'] | Data: ['8', 'Laura', 'Giussani', 'laura@northwindtraders.com', 'Sales Coordinator', '123-555-0107         ', '123-555-0207', 'Ms.', 'Admin', '21-Sep-24', 'Admin', '21-Sep-24']
2025-09-12 06:37:06,301 - ERROR - Line 10: ['Invalid email address.', 'Invalid phone number format.'] | Data: ['9', 'Anne', 'Hellung-Larsen', 'anne@northwindtraders.com', 'Sales Representative', '123-555-0108         ', '123-555-0208', 'Ms.', 'Admin', '21-Sep-24', 'Admin', '21-Sep-24']
2025-09-12 06:37:06,301 - ERROR - Line 11: ['Invalid email address.'] | Data: ['10', 'Internet', 'Sales', 'anne@northwindtraders.com', 'Internet Bot', '123-555-0109', '123-555-0208', 'Ms.', 'Admin', '21-Sep-24', 'Admin', '21-Sep-24']
2025-09-12 06:37:06,301 - ERROR - Line 12: ['Invalid email address.'] | Data: ['11', 'Internet', 'Sales', 'anne@northwindtraders.com', 'Internet Bot', '123-555-0110', '123-555-0208', 'Ms.', 'Admin', '21-Sep-24', 'Admin', '21-Sep-24']
2025-09-12 06:37:06,301 - ERROR - Line 13: ['Invalid email address.'] | Data: ['12', 'Internet', 'Sales', 'anne@northwindtraders.com', 'Internet Bot', '123-555-0111', '123-555-0208', 'Ms.', 'Admin', '21-Sep-24', 'Admin', '21-Sep-24']
2025-09-12 06:40:09,719 - ERROR - Line 2: ['Invalid email address.', 'Invalid phone number format.'] | Data: ['1', 'Nancy', 'Freehafer', 'nancy@northwindtraders.com', 'Sales Representative', '123-555-0100         ', '123-555-0200         ', 'Ms.', 'Admin', '21-Sep-24', 'Admin', '21-Sep-24']
2025-09-12 06:40:09,719 - ERROR - Line 3: ['Row does not have 12 columns.', 'Invalid email address.', 'Invalid phone number format.'] | Data: ['2', 'Andrew', 'Cencini', 'andrew@northwindtraders.com', '"Vice President', ' Sales"', '123-555-0101         ', '123-555-0201', 'Ms.', 'Admin', '21-Sep-24', 'Admin', '21-Sep-24']
2025-09-12 06:40:09,719 - ERROR - Line 4: ['Invalid email address.', 'Invalid phone number format.'] | Data: ['3', 'Jan', 'Kotas', 'jan@northwindtraders.com', 'Sales Representative', '123-555-0102         ', '123-555-0202', 'Ms.', 'Admin', '21-Sep-24', 'Admin', '21-Sep-24']
2025-09-12 06:40:09,719 - ERROR - Line 5: ['Invalid email address.', 'Invalid phone number format.'] | Data: ['4', 'Mariya', 'Sergienko', 'mariya@northwindtraders.com', 'Sales Representative', '123-555-0103         ', '123-555-0203', 'Ms.', 'Admin', '21-Sep-24', 'Admin', '21-Sep-24']
2025-09-12 06:40:09,719 - ERROR - Line 6: ['Invalid email address.', 'Invalid phone number format.'] | Data: ['5', 'Steven', 'Thorpe', 'steven@northwindtraders.com', 'Sales Manager', '123-555-0104         ', '123-555-0204', 'Ms.', 'Admin', '21-Sep-24', 'Admin', '21-Sep-24']
2025-09-12 06:40:09,719 - ERROR - Line 7: ['Invalid email address.', 'Invalid phone number format.'] | Data: ['6', 'Michael', 'Neipper', 'michael@northwindtraders.com', 'Sales Representative', '123-555-0105         ', '123-555-0205', 'Ms.', 'Admin', '21-Sep-24', 'Admin', '21-Sep-24']
2025-09-12 06:40:09,719 - ERROR - Line 8: ['Invalid email address.', 'Invalid phone number format.'] | Data: ['7', 'Robert', 'Zare', 'robert@northwindtraders.com', 'Sales Representative', '123-555-0106         ', '123-555-0206', 'Ms.', 'Admin', '21-Sep-24', 'Admin', '21-Sep-24']
2025-09-12 06:40:09,719 - ERROR - Line 9: ['Invalid email address.', 'Invalid phone number format.'] | Data: ['8', 'Laura', 'Giussani', 'laura@northwindtraders.com', 'Sales Coordinator', '123-555-0107         ', '123-555-0207', 'Ms.', 'Admin', '21-Sep-24', 'Admin', '21-Sep-24']
2025-09-12 06:40:09,719 - ERROR - Line 10: ['Invalid email address.', 'Invalid phone number format.'] | Data: ['9', 'Anne', 'Hellung-Larsen', 'anne@northwindtraders.com', 'Sales Representative', '123-555-0108         ', '123-555-0208', 'Ms.', 'Admin', '21-Sep-24', 'Admin', '21-Sep-24']
2025-09-12 06:40:09,720 - ERROR - Line 11: ['Invalid email address.'] | Data: ['10', 'Internet', 'Sales', 'anne@northwindtraders.com', 'Internet Bot', '123-555-0109', '123-555-0208', 'Ms.', 'Admin', '21-Sep-24', 'Admin', '21-Sep-24']
2025-09-12 06:40:09,720 - ERROR - Line 12: ['Invalid email address.'] | Data: ['11', 'Internet', 'Sales', 'anne@northwindtraders.com', 'Internet Bot', '123-555-0110', '123-555-0208', 'Ms.', 'Admin', '21-Sep-24', 'Admin', '21-Sep-24']
2025-09-12 06:40:09,720 - ERROR - Line 13: ['Invalid email address.'] | Data: ['12', 'Internet', 'Sales', 'anne@northwindtraders.com', 'Internet Bot', '123-555-0111', '123-555-0208', 'Ms.', 'Admin', '21-Sep-24', 'Admin', '21-Sep-24']
