2025-09-09 13:34:36,022 - DEBUG - Starting Application
2025-09-09 13:34:36,023 - DEBUG - Initialize Engine Object
2025-09-09 13:34:36,023 - DEBUG - Initialize Car Object
2025-09-09 13:34:36,023 - DEBUG - Initialize Engine Object
2025-09-09 13:34:36,023 - DEBUG - Added the item: Car Details: Type =Sedan, Brand = Toyota
2025-09-09 13:34:36,023 - DEBUG - Initialize Engine Object
2025-09-09 13:34:36,024 - DEBUG - Initialize Car Object
2025-09-09 13:34:36,024 - DEBUG - Initialize Engine Object
2025-09-09 13:34:36,024 - DEBUG - Added the item: Car Details: Type =Sedan, Brand = Honda
2025-09-09 13:34:36,024 - DEBUG - Initialize Engine Object
2025-09-09 13:34:36,024 - DEBUG - Initialize Car Object
2025-09-09 13:34:36,024 - DEBUG - Initialize Engine Object
2025-09-09 13:34:36,024 - DEBUG - Added the item: Car Details: Type =Truck, Brand = Isuzu
2025-09-09 14:59:06,349 - DEBUG - Starting Application
2025-09-09 14:59:06,350 - DEBUG - Initialize Engine Object
2025-09-09 14:59:06,351 - DEBUG - Initialize Car Object
2025-09-09 14:59:06,351 - DEBUG - Initialize Engine Object
2025-09-09 14:59:06,351 - DEBUG - Added the item: Car Details: Type =Sedan, Brand = Toyota
2025-09-09 14:59:06,351 - DEBUG - Initialize Engine Object
2025-09-09 14:59:06,352 - DEBUG - Initialize Car Object
2025-09-09 14:59:06,352 - DEBUG - Initialize Engine Object
2025-09-09 14:59:06,352 - DEBUG - Added the item: Car Details: Type =Sedan, Brand = Honda
2025-09-09 14:59:06,352 - DEBUG - Initialize Engine Object
2025-09-09 14:59:06,352 - DEBUG - Initialize Car Object
2025-09-09 14:59:06,352 - DEBUG - Initialize Engine Object
2025-09-09 14:59:06,352 - DEBUG - Added the item: Car Details: Type =Truck, Brand = Isuzu
